# JRE version: OpenJDK Runtime Environment Temurin-17.0.10+7 (17.0.10+7) (build 17.0.10+7)
# Java VM: OpenJDK 64-Bit Server VM Temurin-17.0.10+7 (17.0.10+7, mixed mode, tiered, compressed oops, compressed class ptrs, g1 gc, windows-amd64)
GC Precious Log:
 CPUs: 4 total, 4 available
 Memory: 3996M
 Large Page Support: Disabled
 NUMA Support: Disabled
 Compressed Oops: Enabled (32-bit)
 Heap Region Size: 1M
 Heap Min Capacity: 8M
 Heap Initial Capacity: 64M
 Heap Max Capacity: 1000M
 Pre-touch: Disabled
 Parallel Workers: 4
 Concurrent Workers: 1
 Concurrent Refinement Workers: 4
 Periodic GC: Disabled
Heap:
 garbage-first heap   total 46080K, used 25368K [0x00000000c1800000, 0x0000000100000000)
  region size 1024K, 18 young (18432K), 3 survivors (3072K)
 Metaspace       used 29175K, committed 29504K, reserved 1114112K
  class space    used 3077K, committed 3264K, reserved 1048576K
GC Heap History (20 events):
Event: 3.336 GC heap before
{Heap before GC invocations=2 (full 0):
 garbage-first heap   total 65536K, used 28062K [0x00000000c1800000, 0x0000000100000000)
  region size 1024K, 25 young (25600K), 1 survivors (1024K)
 Metaspace       used 14360K, committed 14528K, reserved 1114112K
  class space    used 1332K, committed 1408K, reserved 1048576K
}
Event: 3.340 GC heap after
{Heap after GC invocations=3 (full 0):
 garbage-first heap   total 65536K, used 5099K [0x00000000c1800000, 0x0000000100000000)
  region size 1024K, 2 young (2048K), 2 survivors (2048K)
 Metaspace       used 14360K, committed 14528K, reserved 1114112K
  class space    used 1332K, committed 1408K, reserved 1048576K
}
Event: 4.437 GC heap before
{Heap before GC invocations=3 (full 0):
 garbage-first heap   total 65536K, used 41963K [0x00000000c1800000, 0x0000000100000000)
  region size 1024K, 38 young (38912K), 2 survivors (2048K)
 Metaspace       used 17159K, committed 17408K, reserved 1114112K
  class space    used 1677K, committed 1792K, reserved 1048576K
}
Event: 4.442 GC heap after
{Heap after GC invocations=4 (full 0):
 garbage-first heap   total 65536K, used 5953K [0x00000000c1800000, 0x0000000100000000)
  region size 1024K, 2 young (2048K), 2 survivors (2048K)
 Metaspace       used 17159K, committed 17408K, reserved 1114112K
  class space    used 1677K, committed 1792K, reserved 1048576K
}
Event: 5.588 GC heap before
{Heap before GC invocations=4 (full 0):
 garbage-first heap   total 65536K, used 42817K [0x00000000c1800000, 0x0000000100000000)
  region size 1024K, 38 young (38912K), 2 survivors (2048K)
 Metaspace       used 21136K, committed 21376K, reserved 1114112K
  class space    used 2085K, committed 2240K, reserved 1048576K
}
Event: 5.597 GC heap after
{Heap after GC invocations=5 (full 0):
 garbage-first heap   total 65536K, used 8657K [0x00000000c1800000, 0x0000000100000000)
  region size 1024K, 5 young (5120K), 5 survivors (5120K)
 Metaspace       used 21136K, committed 21376K, reserved 1114112K
  class space    used 2085K, committed 2240K, reserved 1048576K
}
Event: 5.651 GC heap before
{Heap before GC invocations=5 (full 0):
 garbage-first heap   total 65536K, used 8657K [0x00000000c1800000, 0x0000000100000000)
  region size 1024K, 6 young (6144K), 5 survivors (5120K)
 Metaspace       used 21284K, committed 21504K, reserved 1114112K
  class space    used 2100K, committed 2240K, reserved 1048576K
}
Event: 5.662 GC heap after
{Heap after GC invocations=6 (full 0):
 garbage-first heap   total 65536K, used 9498K [0x00000000c1800000, 0x0000000100000000)
  region size 1024K, 1 young (1024K), 1 survivors (1024K)
 Metaspace       used 21284K, committed 21504K, reserved 1114112K
  class space    used 2100K, committed 2240K, reserved 1048576K
}
Event: 6.280 GC heap before
{Heap before GC invocations=7 (full 0):
 garbage-first heap   total 37888K, used 28954K [0x00000000c1800000, 0x0000000100000000)
  region size 1024K, 21 young (21504K), 1 survivors (1024K)
 Metaspace       used 22812K, committed 23104K, reserved 1114112K
  class space    used 2284K, committed 2432K, reserved 1048576K
}
Event: 6.282 GC heap after
{Heap after GC invocations=8 (full 0):
 garbage-first heap   total 37888K, used 9466K [0x00000000c1800000, 0x0000000100000000)
  region size 1024K, 1 young (1024K), 1 survivors (1024K)
 Metaspace       used 22812K, committed 23104K, reserved 1114112K
  class space    used 2284K, committed 2432K, reserved 1048576K
}
Event: 6.328 GC heap before
{Heap before GC invocations=8 (full 0):
 garbage-first heap   total 37888K, used 10490K [0x00000000c1800000, 0x0000000100000000)
  region size 1024K, 2 young (2048K), 1 survivors (1024K)
 Metaspace       used 22931K, committed 23232K, reserved 1114112K
  class space    used 2303K, committed 2432K, reserved 1048576K
}
Event: 6.332 GC heap after
{Heap after GC invocations=9 (full 0):
 garbage-first heap   total 37888K, used 9433K [0x00000000c1800000, 0x0000000100000000)
  region size 1024K, 1 young (1024K), 1 survivors (1024K)
 Metaspace       used 22931K, committed 23232K, reserved 1114112K
  class space    used 2303K, committed 2432K, reserved 1048576K
}
Event: 6.721 GC heap before
{Heap before GC invocations=9 (full 0):
 garbage-first heap   total 37888K, used 23769K [0x00000000c1800000, 0x0000000100000000)
  region size 1024K, 16 young (16384K), 1 survivors (1024K)
 Metaspace       used 24986K, committed 25280K, reserved 1114112K
  class space    used 2529K, committed 2624K, reserved 1048576K
}
Event: 6.725 GC heap after
{Heap after GC invocations=10 (full 0):
 garbage-first heap   total 37888K, used 9902K [0x00000000c1800000, 0x0000000100000000)
  region size 1024K, 1 young (1024K), 1 survivors (1024K)
 Metaspace       used 24986K, committed 25280K, reserved 1114112K
  class space    used 2529K, committed 2624K, reserved 1048576K
}
Event: 7.334 GC heap before
{Heap before GC invocations=10 (full 0):
 garbage-first heap   total 37888K, used 26286K [0x00000000c1800000, 0x0000000100000000)
  region size 1024K, 17 young (17408K), 1 survivors (1024K)
 Metaspace       used 26582K, committed 26944K, reserved 1114112K
  class space    used 2761K, committed 2944K, reserved 1048576K
}
Event: 7.340 GC heap after
{Heap after GC invocations=11 (full 0):
 garbage-first heap   total 37888K, used 10301K [0x00000000c1800000, 0x0000000100000000)
  region size 1024K, 2 young (2048K), 2 survivors (2048K)
 Metaspace       used 26582K, committed 26944K, reserved 1114112K
  class space    used 2761K, committed 2944K, reserved 1048576K
}
Event: 7.594 GC heap before
{Heap before GC invocations=11 (full 0):
 garbage-first heap   total 37888K, used 25661K [0x00000000c1800000, 0x0000000100000000)
  region size 1024K, 18 young (18432K), 2 survivors (2048K)
 Metaspace       used 27350K, committed 27648K, reserved 1114112K
  class space    used 2845K, committed 3008K, reserved 1048576K
}
Event: 7.598 GC heap after
{Heap after GC invocations=12 (full 0):
 garbage-first heap   total 37888K, used 10504K [0x00000000c1800000, 0x0000000100000000)
  region size 1024K, 2 young (2048K), 2 survivors (2048K)
 Metaspace       used 27350K, committed 27648K, reserved 1114112K
  class space    used 2845K, committed 3008K, reserved 1048576K
}
Event: 12.859 GC heap before
{Heap before GC invocations=12 (full 0):
 garbage-first heap   total 37888K, used 26888K [0x00000000c1800000, 0x0000000100000000)
  region size 1024K, 19 young (19456K), 2 survivors (2048K)
 Metaspace       used 28441K, committed 28800K, reserved 1114112K
  class space    used 2994K, committed 3136K, reserved 1048576K
}
Event: 12.864 GC heap after
{Heap after GC invocations=13 (full 0):
 garbage-first heap   total 46080K, used 11032K [0x00000000c1800000, 0x0000000100000000)
  region size 1024K, 3 young (3072K), 3 survivors (3072K)
 Metaspace       used 28441K, committed 28800K, reserved 1114112K
  class space    used 2994K, committed 3136K, reserved 1048576K
}

