# JRE version: OpenJDK Runtime Environment Temurin-17.0.10+7 (17.0.10+7) (build 17.0.10+7)
# Java VM: OpenJDK 64-Bit Server VM Temurin-17.0.10+7 (17.0.10+7, mixed mode, tiered, compressed oops, compressed class ptrs, g1 gc, windows-amd64)
GC Precious Log:
 CPUs: 4 total, 4 available
 Memory: 3996M
 Large Page Support: Disabled
 NUMA Support: Disabled
 Compressed Oops: Enabled (32-bit)
 Heap Region Size: 1M
 Heap Min Capacity: 8M
 Heap Initial Capacity: 64M
 Heap Max Capacity: 1000M
 Pre-touch: Disabled
 Parallel Workers: 4
 Concurrent Workers: 1
 Concurrent Refinement Workers: 4
 Periodic GC: Disabled
Heap:
 garbage-first heap   total 37888K, used 19413K [0x00000000c1800000, 0x0000000100000000)
  region size 1024K, 11 young (11264K), 2 survivors (2048K)
 Metaspace       used 29078K, committed 29376K, reserved 1114112K
  class space    used 3063K, committed 3200K, reserved 1048576K
GC Heap History (20 events):
Event: 4.409 GC heap before
{Heap before GC invocations=2 (full 0):
 garbage-first heap   total 65536K, used 29159K [0x00000000c1800000, 0x0000000100000000)
  region size 1024K, 25 young (25600K), 1 survivors (1024K)
 Metaspace       used 14260K, committed 14400K, reserved 1114112K
  class space    used 1324K, committed 1408K, reserved 1048576K
}
Event: 4.414 GC heap after
{Heap after GC invocations=3 (full 0):
 garbage-first heap   total 65536K, used 5221K [0x00000000c1800000, 0x0000000100000000)
  region size 1024K, 2 young (2048K), 2 survivors (2048K)
 Metaspace       used 14260K, committed 14400K, reserved 1114112K
  class space    used 1324K, committed 1408K, reserved 1048576K
}
Event: 5.650 GC heap before
{Heap before GC invocations=3 (full 0):
 garbage-first heap   total 65536K, used 42085K [0x00000000c1800000, 0x0000000100000000)
  region size 1024K, 38 young (38912K), 2 survivors (2048K)
 Metaspace       used 17133K, committed 17408K, reserved 1114112K
  class space    used 1669K, committed 1792K, reserved 1048576K
}
Event: 5.655 GC heap after
{Heap after GC invocations=4 (full 0):
 garbage-first heap   total 65536K, used 5904K [0x00000000c1800000, 0x0000000100000000)
  region size 1024K, 2 young (2048K), 2 survivors (2048K)
 Metaspace       used 17133K, committed 17408K, reserved 1114112K
  class space    used 1669K, committed 1792K, reserved 1048576K
}
Event: 6.678 GC heap before
{Heap before GC invocations=4 (full 0):
 garbage-first heap   total 65536K, used 42768K [0x00000000c1800000, 0x0000000100000000)
  region size 1024K, 38 young (38912K), 2 survivors (2048K)
 Metaspace       used 20891K, committed 21248K, reserved 1114112K
  class space    used 2065K, committed 2240K, reserved 1048576K
}
Event: 6.687 GC heap after
{Heap after GC invocations=5 (full 0):
 garbage-first heap   total 65536K, used 8695K [0x00000000c1800000, 0x0000000100000000)
  region size 1024K, 5 young (5120K), 5 survivors (5120K)
 Metaspace       used 20891K, committed 21248K, reserved 1114112K
  class space    used 2065K, committed 2240K, reserved 1048576K
}
Event: 6.785 GC heap before
{Heap before GC invocations=5 (full 0):
 garbage-first heap   total 65536K, used 10743K [0x00000000c1800000, 0x0000000100000000)
  region size 1024K, 8 young (8192K), 5 survivors (5120K)
 Metaspace       used 21283K, committed 21504K, reserved 1114112K
  class space    used 2099K, committed 2240K, reserved 1048576K
}
Event: 6.796 GC heap after
{Heap after GC invocations=6 (full 0):
 garbage-first heap   total 65536K, used 9458K [0x00000000c1800000, 0x0000000100000000)
  region size 1024K, 1 young (1024K), 1 survivors (1024K)
 Metaspace       used 21283K, committed 21504K, reserved 1114112K
  class space    used 2099K, committed 2240K, reserved 1048576K
}
Event: 7.487 GC heap before
{Heap before GC invocations=7 (full 0):
 garbage-first heap   total 37888K, used 30962K [0x00000000c1800000, 0x0000000100000000)
  region size 1024K, 23 young (23552K), 1 survivors (1024K)
 Metaspace       used 22953K, committed 23232K, reserved 1114112K
  class space    used 2305K, committed 2432K, reserved 1048576K
}
Event: 7.490 GC heap after
{Heap after GC invocations=8 (full 0):
 garbage-first heap   total 37888K, used 9863K [0x00000000c1800000, 0x0000000100000000)
  region size 1024K, 2 young (2048K), 2 survivors (2048K)
 Metaspace       used 22953K, committed 23232K, reserved 1114112K
  class space    used 2305K, committed 2432K, reserved 1048576K
}
Event: 7.525 GC heap before
{Heap before GC invocations=8 (full 0):
 garbage-first heap   total 37888K, used 10887K [0x00000000c1800000, 0x0000000100000000)
  region size 1024K, 3 young (3072K), 2 survivors (2048K)
 Metaspace       used 23058K, committed 23360K, reserved 1114112K
  class space    used 2319K, committed 2432K, reserved 1048576K
}
Event: 7.528 GC heap after
{Heap after GC invocations=9 (full 0):
 garbage-first heap   total 37888K, used 9819K [0x00000000c1800000, 0x0000000100000000)
  region size 1024K, 1 young (1024K), 1 survivors (1024K)
 Metaspace       used 23058K, committed 23360K, reserved 1114112K
  class space    used 2319K, committed 2432K, reserved 1048576K
}
Event: 8.008 GC heap before
{Heap before GC invocations=9 (full 0):
 garbage-first heap   total 37888K, used 26203K [0x00000000c1800000, 0x0000000100000000)
  region size 1024K, 17 young (17408K), 1 survivors (1024K)
 Metaspace       used 25158K, committed 25472K, reserved 1114112K
  class space    used 2557K, committed 2688K, reserved 1048576K
}
Event: 8.011 GC heap after
{Heap after GC invocations=10 (full 0):
 garbage-first heap   total 37888K, used 9982K [0x00000000c1800000, 0x0000000100000000)
  region size 1024K, 1 young (1024K), 1 survivors (1024K)
 Metaspace       used 25158K, committed 25472K, reserved 1114112K
  class space    used 2557K, committed 2688K, reserved 1048576K
}
Event: 8.914 GC heap before
{Heap before GC invocations=10 (full 0):
 garbage-first heap   total 37888K, used 27390K [0x00000000c1800000, 0x0000000100000000)
  region size 1024K, 18 young (18432K), 1 survivors (1024K)
 Metaspace       used 26733K, committed 27072K, reserved 1114112K
  class space    used 2775K, committed 2944K, reserved 1048576K
}
Event: 8.917 GC heap after
{Heap after GC invocations=11 (full 0):
 garbage-first heap   total 37888K, used 10393K [0x00000000c1800000, 0x0000000100000000)
  region size 1024K, 1 young (1024K), 1 survivors (1024K)
 Metaspace       used 26733K, committed 27072K, reserved 1114112K
  class space    used 2775K, committed 2944K, reserved 1048576K
}
Event: 15.190 GC heap before
{Heap before GC invocations=11 (full 0):
 garbage-first heap   total 37888K, used 26777K [0x00000000c1800000, 0x0000000100000000)
  region size 1024K, 18 young (18432K), 1 survivors (1024K)
 Metaspace       used 27835K, committed 28160K, reserved 1114112K
  class space    used 2924K, committed 3072K, reserved 1048576K
}
Event: 15.195 GC heap after
{Heap after GC invocations=12 (full 0):
 garbage-first heap   total 37888K, used 10770K [0x00000000c1800000, 0x0000000100000000)
  region size 1024K, 2 young (2048K), 2 survivors (2048K)
 Metaspace       used 27835K, committed 28160K, reserved 1114112K
  class space    used 2924K, committed 3072K, reserved 1048576K
}
Event: 16.070 GC heap before
{Heap before GC invocations=12 (full 0):
 garbage-first heap   total 37888K, used 28178K [0x00000000c1800000, 0x0000000100000000)
  region size 1024K, 19 young (19456K), 2 survivors (2048K)
 Metaspace       used 28661K, committed 28992K, reserved 1114112K
  class space    used 3015K, committed 3200K, reserved 1048576K
}
Event: 16.074 GC heap after
{Heap after GC invocations=13 (full 0):
 garbage-first heap   total 37888K, used 11221K [0x00000000c1800000, 0x0000000100000000)
  region size 1024K, 2 young (2048K), 2 survivors (2048K)
 Metaspace       used 28661K, committed 28992K, reserved 1114112K
  class space    used 3015K, committed 3200K, reserved 1048576K
}

