<?xml version="1.0" encoding="UTF-8"?>
<!-- Generated by org.testng.reporters.JUnitXMLReporter -->
<testsuite ignored="0" hostname="DESKTOP-RL1QUG5" failures="0" tests="4" name="Test" time="39.713" errors="0" timestamp="2024-04-18T15:03:48 GMT+01:00">
  <testcase classname="cloudsyCreatesAffaire.testNG" name="testOpenCloudsys" time="9.925"/>
  <testcase classname="cloudsyCreatesAffaire.testNG" name="testOpenCommerciale" time="1.901"/>
  <testcase classname="cloudsyCreatesAffaire.testNG" name="testCreateAffaire" time="15.068"/>
  <testcase classname="cloudsyCreatesAffaire.testNG" name="testSearchAffaire" time="1.63"/>
</testsuite> <!-- Test -->
