<?xml version="1.0" encoding="UTF-8"?>
<!-- Generated by org.testng.reporters.JUnitXMLReporter -->
<testsuite ignored="0" hostname="DESKTOP-RL1QUG5" failures="0" tests="4" name="Test" time="40.27" errors="0" timestamp="2024-04-22T11:28:06 GMT+01:00">
  <testcase classname="cloudsyCreatesAffaire.testNG" name="testOpenCloudsys" time="6.921"/>
  <testcase classname="cloudsyCreatesAffaire.testNG" name="testOpenCommerciale" time="1.939"/>
  <testcase classname="cloudsyCreatesAffaire.testNG" name="testCreateAffaire" time="15.119"/>
  <testcase classname="cloudsyCreatesAffaire.testNG" name="testSearchAffaire" time="3.571"/>
</testsuite> <!-- Test -->
