<?xml version="1.0" encoding="UTF-8"?>
<testng-results ignored="0" total="4" passed="4" failed="0" skipped="0">
  <reporter-output>
  </reporter-output>
  <suite started-at="2024-04-23T10:22:27 GMT+01:00" name="Suite" finished-at="2024-04-23T10:23:19 GMT+01:00" duration-ms="51804">
    <groups>
    </groups>
    <test started-at="2024-04-23T10:22:27 GMT+01:00" name="Test" finished-at="2024-04-23T10:23:19 GMT+01:00" duration-ms="51804">
      <class name="cloudsyCreatesAffaire.testNG">
        <test-method is-config="true" signature="preConfigure()[pri:0, instance:cloudsyCreatesAffaire.testNG@6831d8fd]" started-at="2024-04-23T10:22:27 GMT+01:00" name="preConfigure" finished-at="2024-04-23T10:22:43 GMT+01:00" duration-ms="15905" status="PASS">
          <reporter-output>
          </reporter-output>
        </test-method> <!-- preConfigure -->
        <test-method signature="testOpenCloudsys()[pri:0, instance:cloudsyCreatesAffaire.testNG@6831d8fd]" started-at="2024-04-23T10:22:43 GMT+01:00" name="testOpenCloudsys" finished-at="2024-04-23T10:22:49 GMT+01:00" duration-ms="5786" status="PASS">
          <reporter-output>
          </reporter-output>
        </test-method> <!-- testOpenCloudsys -->
        <test-method signature="testOpenCommerciale()[pri:0, instance:cloudsyCreatesAffaire.testNG@6831d8fd]" started-at="2024-04-23T10:22:49 GMT+01:00" name="testOpenCommerciale" finished-at="2024-04-23T10:22:52 GMT+01:00" duration-ms="3362" status="PASS">
          <reporter-output>
          </reporter-output>
        </test-method> <!-- testOpenCommerciale -->
        <test-method signature="testCreateAffaire()[pri:0, instance:cloudsyCreatesAffaire.testNG@6831d8fd]" started-at="2024-04-23T10:22:52 GMT+01:00" name="testCreateAffaire" finished-at="2024-04-23T10:23:13 GMT+01:00" duration-ms="20979" status="PASS">
          <reporter-output>
          </reporter-output>
        </test-method> <!-- testCreateAffaire -->
        <test-method signature="testSearchAffaire()[pri:0, instance:cloudsyCreatesAffaire.testNG@6831d8fd]" started-at="2024-04-23T10:23:13 GMT+01:00" name="testSearchAffaire" finished-at="2024-04-23T10:23:19 GMT+01:00" duration-ms="5363" status="PASS">
          <reporter-output>
          </reporter-output>
        </test-method> <!-- testSearchAffaire -->
        <test-method is-config="true" signature="tearDown()[pri:0, instance:cloudsyCreatesAffaire.testNG@6831d8fd]" started-at="2024-04-23T10:23:19 GMT+01:00" name="tearDown" finished-at="2024-04-23T10:23:19 GMT+01:00" duration-ms="2" status="PASS">
          <reporter-output>
          </reporter-output>
        </test-method> <!-- tearDown -->
      </class> <!-- cloudsyCreatesAffaire.testNG -->
    </test> <!-- Test -->
  </suite> <!-- Suite -->
</testng-results>
